<?xml version="1.0" encoding="UTF-8"?>
<robot generator="Robot 6.1.1 (Python 3.11.5 on win32)" generated="20230928 09:58:12.722" rpa="false" schemaversion="4">
<suite id="s1" name="Signup" source="C:\QAx2\projets\mark85-robot-express\tests\signup.robot">
<test id="s1-t1" name="Não deve permitir o cadastro com email duplicado" line="34">
<kw name="Set Variable" library="BuiltIn">
<var>${name}</var>
<arg>Teste Jonas</arg>
<doc>Returns the given values which can then be assigned to a variables.</doc>
<msg timestamp="20230928 09:58:14.034" level="INFO">${name} = Teste Jonas</msg>
<status status="PASS" starttime="20230928 09:58:14.034" endtime="20230928 09:58:14.034"/>
</kw>
<kw name="Set Variable" library="BuiltIn">
<var>${email}</var>
<arg>teste@jonas.com</arg>
<doc>Returns the given values which can then be assigned to a variables.</doc>
<msg timestamp="20230928 09:58:14.035" level="INFO">${email} = teste@jonas.com</msg>
<status status="PASS" starttime="20230928 09:58:14.035" endtime="20230928 09:58:14.035"/>
</kw>
<kw name="Set Variable" library="BuiltIn">
<var>${Password}</var>
<arg>jteste</arg>
<doc>Returns the given values which can then be assigned to a variables.</doc>
<msg timestamp="20230928 09:58:14.035" level="INFO">${Password} = jteste</msg>
<status status="PASS" starttime="20230928 09:58:14.035" endtime="20230928 09:58:14.035"/>
</kw>
<kw name="Remove user from database" library="database">
<arg>${email}</arg>
<msg timestamp="20230928 09:58:14.991" level="INFO">removing user by teste@jonas.com</msg>
<status status="PASS" starttime="20230928 09:58:14.036" endtime="20230928 09:58:14.991"/>
</kw>
<kw name="insert user from database" library="database">
<arg>${name}</arg>
<arg>${email}</arg>
<arg>${password}</arg>
<msg timestamp="20230928 09:58:15.227" level="INFO">{'name': 'Teste Jonas', 'email': 'teste@jonas.com', 'password': 'jteste', '_id': ObjectId('651578667833d8fd9972dd61')}</msg>
<status status="PASS" starttime="20230928 09:58:14.993" endtime="20230928 09:58:15.227"/>
</kw>
<kw name="Start Session" library="base">
<kw name="New Browser" library="Browser">
<arg>browser=chromium</arg>
<arg>headless=False</arg>
<tag>BrowserControl</tag>
<tag>Setter</tag>
<doc>Create a new playwright Browser with specified options.</doc>
<msg timestamp="20230928 09:58:15.229" level="INFO">{"browser": "chromium", "headless": false, "chromiumSandbox": false, "devtools": false, "handleSIGHUP": true, "handleSIGINT": true, "handleSIGTERM": true, "slowMo": 0.0, "timeout": 30000.0, "tracesDir": "C:\\QAx2\\projets\\mark85-robot-express\\logs\\browser\\traces\\5f4c5154-8a57-453d-9548-01e81ce58b6a"}</msg>
<msg timestamp="20230928 09:58:15.592" level="INFO">Successfully created browser with options: {"browser":"chromium","headless":false,"chromiumSandbox":false,"devtools":false,"handleSIGHUP":true,"handleSIGINT":true,"handleSIGTERM":true,"slowMo":0,"timeout":30000,"tracesDir":"C:\\QAx2\\projets\\mark85-robot-express\\logs\\browser\\traces\\5f4c5154-8a57-453d-9548-01e81ce58b6a"}</msg>
<status status="PASS" starttime="20230928 09:58:15.229" endtime="20230928 09:58:15.592"/>
</kw>
<kw name="New Page" library="Browser">
<arg>http://localhost:3000</arg>
<tag>BrowserControl</tag>
<tag>Setter</tag>
<doc>Open a new Page.</doc>
<msg timestamp="20230928 09:58:16.280" level="INFO">Successfully initialized new page object and opened url: http://localhost:3000</msg>
<msg timestamp="20230928 09:58:16.280" level="INFO">No context was open. New context was automatically opened when this page is created.</msg>
<status status="PASS" starttime="20230928 09:58:15.593" endtime="20230928 09:58:16.280"/>
</kw>
<status status="PASS" starttime="20230928 09:58:15.228" endtime="20230928 09:58:16.280"/>
</kw>
<kw name="Go To" library="Browser">
<arg>http://localhost:3000/signup</arg>
<tag>BrowserControl</tag>
<tag>Setter</tag>
<doc>Navigates to the given ``url``.</doc>
<msg timestamp="20230928 09:58:16.351" level="INFO">Successfully opened URL http://localhost:3000/signup</msg>
<status status="PASS" starttime="20230928 09:58:16.280" endtime="20230928 09:58:16.351"/>
</kw>
<kw name="Wait For Elements State" library="Browser">
<arg>css=h1</arg>
<arg>visible</arg>
<arg>5</arg>
<tag>PageContent</tag>
<tag>Wait</tag>
<doc>Waits for the element found by ``selector`` to satisfy state option.</doc>
<msg timestamp="20230928 09:58:16.382" level="INFO">Waited for Element with selector css=h1 at state visible</msg>
<status status="PASS" starttime="20230928 09:58:16.352" endtime="20230928 09:58:16.382"/>
</kw>
<kw name="Get Text" library="Browser">
<arg>css=h1</arg>
<arg>equal</arg>
<arg>Faça seu cadastro</arg>
<tag>Assertion</tag>
<tag>Getter</tag>
<tag>PageContent</tag>
<doc>Returns text attribute of the element found by ``selector``.</doc>
<msg timestamp="20230928 09:58:16.412" level="INFO">Text: 'Faça seu cadastro'</msg>
<status status="PASS" starttime="20230928 09:58:16.384" endtime="20230928 09:58:16.412"/>
</kw>
<kw name="Fill Text" library="Browser">
<arg>id=name</arg>
<arg>${name}</arg>
<tag>PageContent</tag>
<tag>Setter</tag>
<doc>Clears and fills the given ``txt`` into the text field found by ``selector``.</doc>
<msg timestamp="20230928 09:58:16.414" level="INFO">Fills the text 'Teste Jonas' in the given field.</msg>
<status status="PASS" starttime="20230928 09:58:16.414" endtime="20230928 09:58:16.441"/>
</kw>
<kw name="Fill Text" library="Browser">
<arg>id=email</arg>
<arg>${email}</arg>
<tag>PageContent</tag>
<tag>Setter</tag>
<doc>Clears and fills the given ``txt`` into the text field found by ``selector``.</doc>
<msg timestamp="20230928 09:58:16.442" level="INFO">Fills the text 'teste@jonas.com' in the given field.</msg>
<status status="PASS" starttime="20230928 09:58:16.442" endtime="20230928 09:58:16.467"/>
</kw>
<kw name="Fill Text" library="Browser">
<arg>id=password</arg>
<arg>${Password}</arg>
<tag>PageContent</tag>
<tag>Setter</tag>
<doc>Clears and fills the given ``txt`` into the text field found by ``selector``.</doc>
<msg timestamp="20230928 09:58:16.468" level="INFO">Fills the text 'jteste' in the given field.</msg>
<status status="PASS" starttime="20230928 09:58:16.467" endtime="20230928 09:58:16.485"/>
</kw>
<kw name="Click" library="Browser">
<arg>id=buttonSignup</arg>
<tag>PageContent</tag>
<tag>Setter</tag>
<doc>Simulates mouse click on the element found by ``selector``.</doc>
<status status="PASS" starttime="20230928 09:58:16.486" endtime="20230928 09:58:16.536"/>
</kw>
<kw name="Wait For Elements State" library="Browser">
<arg>css=.notice p</arg>
<arg>visible</arg>
<arg>5</arg>
<tag>PageContent</tag>
<tag>Wait</tag>
<doc>Waits for the element found by ``selector`` to satisfy state option.</doc>
<msg timestamp="20230928 09:58:16.728" level="INFO">Waited for Element with selector css=.notice p at state visible</msg>
<status status="PASS" starttime="20230928 09:58:16.536" endtime="20230928 09:58:16.728"/>
</kw>
<kw name="Get Text" library="Browser">
<arg>css=.notice p</arg>
<arg>equal</arg>
<arg>Oops! Já existe uma conta com o e-mail informado.</arg>
<tag>Assertion</tag>
<tag>Getter</tag>
<tag>PageContent</tag>
<doc>Returns text attribute of the element found by ``selector``.</doc>
<msg timestamp="20230928 09:58:16.746" level="INFO">Text: 'Oops! Já existe uma conta com o e-mail informado.'</msg>
<status status="PASS" starttime="20230928 09:58:16.728" endtime="20230928 09:58:16.746"/>
</kw>
<tag>dup</tag>
<status status="PASS" starttime="20230928 09:58:14.030" endtime="20230928 09:58:16.747"/>
</test>
<doc>Cenários de teste do cadastro de usuários</doc>
<status status="PASS" starttime="20230928 09:58:12.724" endtime="20230928 09:58:16.815"/>
</suite>
<statistics>
<total>
<stat pass="1" fail="0" skip="0">All Tests</stat>
</total>
<tag>
<stat pass="1" fail="0" skip="0">dup</stat>
</tag>
<suite>
<stat pass="1" fail="0" skip="0" id="s1" name="Signup">Signup</stat>
</suite>
</statistics>
<errors>
</errors>
</robot>
